<?xml version="1.0" encoding="UTF-8"?>
<!-- Generated by org.testng.reporters.JUnitXMLReporter -->
<testsuite ignored="0" hostname="fizzmod-Inspiron-14-3467" failures="0" tests="3" name="Default test" time="0.145" errors="0" timestamp="2022-06-23T19:59:48 ART">
  <testcase classname="tests.testNG.SocioTest" name="actividadRepetida" time="0.029"/>
  <testcase classname="tests.testNG.SocioTest" name="socioRepetido" time="0.003"/>
  <testcase classname="tests.testNG.SocioTest" name="validarToString" time="0.002"/>
</testsuite> <!-- Default test -->
